Performing C SOURCE FILE Test CMAKE_HAVE_LIBC_PTHREAD failed with the following output:
Change Dir: /home/kristo/Documents/productor_consumidor/build/CMakeFiles/CMakeTmp

Run Build Command(s):/usr/bin/make -f Makefile cmTC_6d1bf/fast && /usr/bin/make  -f CMakeFiles/cmTC_6d1bf.dir/build.make CMakeFiles/cmTC_6d1bf.dir/build
make[1]: Entering directory '/home/kristo/Documents/productor_consumidor/build/CMakeFiles/CMakeTmp'
Building C object CMakeFiles/cmTC_6d1bf.dir/src.c.o
/usr/bin/cc -DCMAKE_HAVE_LIBC_PTHREAD   -o CMakeFiles/cmTC_6d1bf.dir/src.c.o -c /home/kristo/Documents/productor_consumidor/build/CMakeFiles/CMakeTmp/src.c
Linking C executable cmTC_6d1bf
/usr/bin/cmake -E cmake_link_script CMakeFiles/cmTC_6d1bf.dir/link.txt --verbose=1
/usr/bin/cc -rdynamic CMakeFiles/cmTC_6d1bf.dir/src.c.o -o cmTC_6d1bf 
/usr/bin/ld: CMakeFiles/cmTC_6d1bf.dir/src.c.o: in function `main':
src.c:(.text+0x3e): undefined reference to `pthread_create'
/usr/bin/ld: src.c:(.text+0x4a): undefined reference to `pthread_detach'
/usr/bin/ld: src.c:(.text+0x56): undefined reference to `pthread_cancel'
/usr/bin/ld: src.c:(.text+0x67): undefined reference to `pthread_join'
collect2: error: ld returned 1 exit status
make[1]: *** [CMakeFiles/cmTC_6d1bf.dir/build.make:99: cmTC_6d1bf] Error 1
make[1]: Leaving directory '/home/kristo/Documents/productor_consumidor/build/CMakeFiles/CMakeTmp'
make: *** [Makefile:127: cmTC_6d1bf/fast] Error 2


Source file was:
#include <pthread.h>

static void* test_func(void* data)
{
  return data;
}

int main(void)
{
  pthread_t thread;
  pthread_create(&thread, NULL, test_func, NULL);
  pthread_detach(thread);
  pthread_cancel(thread);
  pthread_join(thread, NULL);
  pthread_atfork(NULL, NULL, NULL);
  pthread_exit(NULL);

  return 0;
}

